# JRE version: Java(TM) SE Runtime Environment (24.0+36) (build 24+36-3646)
# Java VM: Java HotSpot(TM) 64-Bit Server VM (24+36-3646, mixed mode, sharing, tiered, compressed oops, compressed class ptrs, g1 gc, windows-amd64)
GC Precious Log:
 CardTable entry size: 512
 Card Set container configuration: InlinePtr #cards 4 size 8 Array Of Cards #cards 16 size 48 Howl #buckets 8 coarsen threshold 3686 Howl Bitmap #cards 512 size 80 coarsen threshold 460 Card regions per heap region 1 cards per card region 4096
 CPUs: 8 total, 8 available
 Memory: 16149M
 Large Page Support: Disabled
 NUMA Support: Disabled
 Compressed Oops: Enabled (Zero based)
 Heap Region Size: 2M
 Heap Min Capacity: 8M
 Heap Initial Capacity: 254M
 Heap Max Capacity: 4038M
 Pre-touch: Disabled
 Parallel Workers: 8
 Concurrent Workers: 2
 Concurrent Refinement Workers: 8
 Periodic GC: Disabled
Heap:
 garbage-first heap   total reserved 4134912K, committed 92160K, used 68568K [0x0000000703a00000, 0x0000000800000000)
  region size 2048K, 16 young (32768K), 3 survivors (6144K)
 Metaspace       used 90838K, committed 91520K, reserved 1179648K
  class space    used 10275K, committed 10560K, reserved 1048576K
GC Heap History (20 events):
Event: 3.560 GC heap before
{Heap before GC invocations=1 (full 0):
 garbage-first heap   total reserved 4134912K, committed 262144K, used 66612K [0x0000000703a00000, 0x0000000800000000)
  region size 2048K, 30 young (61440K), 3 survivors (6144K)
 Metaspace       used 21253K, committed 21504K, reserved 1114112K
  class space    used 2178K, committed 2304K, reserved 1048576K
}
Event: 3.570 GC heap after
{Heap after GC invocations=2 (full 0):
 garbage-first heap   total reserved 4134912K, committed 262144K, used 20527K [0x0000000703a00000, 0x0000000800000000)
  region size 2048K, 6 young (12288K), 6 survivors (12288K)
 Metaspace       used 21253K, committed 21504K, reserved 1114112K
  class space    used 2178K, committed 2304K, reserved 1048576K
}
Event: 5.061 GC heap before
{Heap before GC invocations=3 (full 0):
 garbage-first heap   total reserved 4134912K, committed 75776K, used 73775K [0x0000000703a00000, 0x0000000800000000)
  region size 2048K, 32 young (65536K), 6 survivors (12288K)
 Metaspace       used 31335K, committed 31616K, reserved 1114112K
  class space    used 3090K, committed 3200K, reserved 1048576K
}
Event: 5.081 GC heap after
{Heap after GC invocations=4 (full 0):
 garbage-first heap   total reserved 4134912K, committed 92160K, used 25431K [0x0000000703a00000, 0x0000000800000000)
  region size 2048K, 5 young (10240K), 5 survivors (10240K)
 Metaspace       used 31335K, committed 31616K, reserved 1114112K
  class space    used 3090K, committed 3200K, reserved 1048576K
}
Event: 6.429 GC heap before
{Heap before GC invocations=4 (full 0):
 garbage-first heap   total reserved 4134912K, committed 92160K, used 54103K [0x0000000703a00000, 0x0000000800000000)
  region size 2048K, 20 young (40960K), 5 survivors (10240K)
 Metaspace       used 36137K, committed 36480K, reserved 1114112K
  class space    used 3758K, committed 3904K, reserved 1048576K
}
Event: 6.452 GC heap after
{Heap after GC invocations=5 (full 0):
 garbage-first heap   total reserved 4134912K, committed 92160K, used 29257K [0x0000000703a00000, 0x0000000800000000)
  region size 2048K, 2 young (4096K), 2 survivors (4096K)
 Metaspace       used 36137K, committed 36480K, reserved 1114112K
  class space    used 3758K, committed 3904K, reserved 1048576K
}
Event: 6.500 GC heap before
{Heap before GC invocations=5 (full 0):
 garbage-first heap   total reserved 4134912K, committed 92160K, used 29257K [0x0000000703a00000, 0x0000000800000000)
  region size 2048K, 3 young (6144K), 2 survivors (4096K)
 Metaspace       used 36496K, committed 36800K, reserved 1114112K
  class space    used 3793K, committed 3904K, reserved 1048576K
}
Event: 6.507 GC heap after
{Heap after GC invocations=6 (full 0):
 garbage-first heap   total reserved 4134912K, committed 92160K, used 28736K [0x0000000703a00000, 0x0000000800000000)
  region size 2048K, 2 young (4096K), 2 survivors (4096K)
 Metaspace       used 36496K, committed 36800K, reserved 1114112K
  class space    used 3793K, committed 3904K, reserved 1048576K
}
Event: 8.100 GC heap before
{Heap before GC invocations=7 (full 0):
 garbage-first heap   total reserved 4134912K, committed 92160K, used 69696K [0x0000000703a00000, 0x0000000800000000)
  region size 2048K, 22 young (45056K), 2 survivors (4096K)
 Metaspace       used 43809K, committed 44288K, reserved 1114112K
  class space    used 4564K, committed 4800K, reserved 1048576K
}
Event: 8.106 GC heap after
{Heap after GC invocations=8 (full 0):
 garbage-first heap   total reserved 4134912K, committed 92160K, used 31170K [0x0000000703a00000, 0x0000000800000000)
  region size 2048K, 3 young (6144K), 3 survivors (6144K)
 Metaspace       used 43809K, committed 44288K, reserved 1114112K
  class space    used 4564K, committed 4800K, reserved 1048576K
}
Event: 9.389 GC heap before
{Heap before GC invocations=8 (full 0):
 garbage-first heap   total reserved 4134912K, committed 92160K, used 72130K [0x0000000703a00000, 0x0000000800000000)
  region size 2048K, 23 young (47104K), 3 survivors (6144K)
 Metaspace       used 55469K, committed 55936K, reserved 1114112K
  class space    used 5869K, committed 6080K, reserved 1048576K
}
Event: 9.396 GC heap after
{Heap after GC invocations=9 (full 0):
 garbage-first heap   total reserved 4134912K, committed 92160K, used 33768K [0x0000000703a00000, 0x0000000800000000)
  region size 2048K, 3 young (6144K), 3 survivors (6144K)
 Metaspace       used 55469K, committed 55936K, reserved 1114112K
  class space    used 5869K, committed 6080K, reserved 1048576K
}
Event: 9.982 GC heap before
{Heap before GC invocations=9 (full 0):
 garbage-first heap   total reserved 4134912K, committed 92160K, used 54248K [0x0000000703a00000, 0x0000000800000000)
  region size 2048K, 14 young (28672K), 3 survivors (6144K)
 Metaspace       used 60953K, committed 61440K, reserved 1114112K
  class space    used 6429K, committed 6656K, reserved 1048576K
}
Event: 9.987 GC heap after
{Heap after GC invocations=10 (full 0):
 garbage-first heap   total reserved 4134912K, committed 92160K, used 35103K [0x0000000703a00000, 0x0000000800000000)
  region size 2048K, 3 young (6144K), 3 survivors (6144K)
 Metaspace       used 60953K, committed 61440K, reserved 1114112K
  class space    used 6429K, committed 6656K, reserved 1048576K
}
Event: 10.918 GC heap before
{Heap before GC invocations=11 (full 0):
 garbage-first heap   total reserved 4134912K, committed 92160K, used 76063K [0x0000000703a00000, 0x0000000800000000)
  region size 2048K, 23 young (47104K), 3 survivors (6144K)
 Metaspace       used 71081K, committed 71616K, reserved 1114112K
  class space    used 7739K, committed 8000K, reserved 1048576K
}
Event: 10.925 GC heap after
{Heap after GC invocations=12 (full 0):
 garbage-first heap   total reserved 4134912K, committed 92160K, used 37729K [0x0000000703a00000, 0x0000000800000000)
  region size 2048K, 2 young (4096K), 2 survivors (4096K)
 Metaspace       used 71081K, committed 71616K, reserved 1114112K
  class space    used 7739K, committed 8000K, reserved 1048576K
}
Event: 12.165 GC heap before
{Heap before GC invocations=12 (full 0):
 garbage-first heap   total reserved 4134912K, committed 92160K, used 78689K [0x0000000703a00000, 0x0000000800000000)
  region size 2048K, 22 young (45056K), 2 survivors (4096K)
 Metaspace       used 77085K, committed 77696K, reserved 1179648K
  class space    used 8413K, committed 8640K, reserved 1048576K
}
Event: 12.174 GC heap after
{Heap after GC invocations=13 (full 0):
 garbage-first heap   total reserved 4134912K, committed 92160K, used 40960K [0x0000000703a00000, 0x0000000800000000)
  region size 2048K, 3 young (6144K), 3 survivors (6144K)
 Metaspace       used 77085K, committed 77696K, reserved 1179648K
  class space    used 8413K, committed 8640K, reserved 1048576K
}
Event: 88.672 GC heap before
{Heap before GC invocations=13 (full 0):
 garbage-first heap   total reserved 4134912K, committed 92160K, used 77824K [0x0000000703a00000, 0x0000000800000000)
  region size 2048K, 22 young (45056K), 3 survivors (6144K)
 Metaspace       used 85598K, committed 86272K, reserved 1179648K
  class space    used 9468K, committed 9728K, reserved 1048576K
}
Event: 88.690 GC heap after
{Heap after GC invocations=14 (full 0):
 garbage-first heap   total reserved 4134912K, committed 92160K, used 46040K [0x0000000703a00000, 0x0000000800000000)
  region size 2048K, 3 young (6144K), 3 survivors (6144K)
 Metaspace       used 85598K, committed 86272K, reserved 1179648K
  class space    used 9468K, committed 9728K, reserved 1048576K
}

