# JRE version: Java(TM) SE Runtime Environment (24.0+36) (build 24+36-3646)
# Java VM: Java HotSpot(TM) 64-Bit Server VM (24+36-3646, mixed mode, sharing, tiered, compressed oops, compressed class ptrs, g1 gc, windows-amd64)
GC Precious Log:
 CardTable entry size: 512
 Card Set container configuration: InlinePtr #cards 4 size 8 Array Of Cards #cards 16 size 48 Howl #buckets 8 coarsen threshold 3686 Howl Bitmap #cards 512 size 80 coarsen threshold 460 Card regions per heap region 1 cards per card region 4096
 CPUs: 8 total, 8 available
 Memory: 16149M
 Large Page Support: Disabled
 NUMA Support: Disabled
 Compressed Oops: Enabled (Zero based)
 Heap Region Size: 2M
 Heap Min Capacity: 8M
 Heap Initial Capacity: 254M
 Heap Max Capacity: 4038M
 Pre-touch: Disabled
 Parallel Workers: 8
 Concurrent Workers: 2
 Concurrent Refinement Workers: 8
 Periodic GC: Disabled
Heap:
 garbage-first heap   total reserved 4134912K, committed 94208K, used 49772K [0x0000000703a00000, 0x0000000800000000)
  region size 2048K, 8 young (16384K), 1 survivors (2048K)
 Metaspace       used 67350K, committed 68032K, reserved 1114112K
  class space    used 6989K, committed 7296K, reserved 1048576K
GC Heap History (20 events):
Event: 56660.489 GC heap before
{Heap before GC invocations=43 (full 0):
 garbage-first heap   total reserved 4134912K, committed 94208K, used 82762K [0x0000000703a00000, 0x0000000800000000)
  region size 2048K, 23 young (47104K), 1 survivors (2048K)
 Metaspace       used 67301K, committed 67968K, reserved 1114112K
  class space    used 6989K, committed 7296K, reserved 1048576K
}
Event: 56660.565 GC heap after
{Heap after GC invocations=44 (full 0):
 garbage-first heap   total reserved 4134912K, committed 94208K, used 37824K [0x0000000703a00000, 0x0000000800000000)
  region size 2048K, 1 young (2048K), 1 survivors (2048K)
 Metaspace       used 67301K, committed 67968K, reserved 1114112K
  class space    used 6989K, committed 7296K, reserved 1048576K
}
Event: 59225.595 GC heap before
{Heap before GC invocations=45 (full 0):
 garbage-first heap   total reserved 4134912K, committed 94208K, used 82880K [0x0000000703a00000, 0x0000000800000000)
  region size 2048K, 23 young (47104K), 1 survivors (2048K)
 Metaspace       used 67305K, committed 67968K, reserved 1114112K
  class space    used 6989K, committed 7296K, reserved 1048576K
}
Event: 59225.606 GC heap after
{Heap after GC invocations=46 (full 0):
 garbage-first heap   total reserved 4134912K, committed 94208K, used 37850K [0x0000000703a00000, 0x0000000800000000)
  region size 2048K, 1 young (2048K), 1 survivors (2048K)
 Metaspace       used 67305K, committed 67968K, reserved 1114112K
  class space    used 6989K, committed 7296K, reserved 1048576K
}
Event: 61784.822 GC heap before
{Heap before GC invocations=46 (full 0):
 garbage-first heap   total reserved 4134912K, committed 94208K, used 80858K [0x0000000703a00000, 0x0000000800000000)
  region size 2048K, 23 young (47104K), 1 survivors (2048K)
 Metaspace       used 67309K, committed 67968K, reserved 1114112K
  class space    used 6989K, committed 7296K, reserved 1048576K
}
Event: 61784.838 GC heap after
{Heap after GC invocations=47 (full 0):
 garbage-first heap   total reserved 4134912K, committed 94208K, used 37521K [0x0000000703a00000, 0x0000000800000000)
  region size 2048K, 1 young (2048K), 1 survivors (2048K)
 Metaspace       used 67309K, committed 67968K, reserved 1114112K
  class space    used 6989K, committed 7296K, reserved 1048576K
}
Event: 64442.429 GC heap before
{Heap before GC invocations=47 (full 0):
 garbage-first heap   total reserved 4134912K, committed 94208K, used 82577K [0x0000000703a00000, 0x0000000800000000)
  region size 2048K, 23 young (47104K), 1 survivors (2048K)
 Metaspace       used 67312K, committed 67968K, reserved 1114112K
  class space    used 6989K, committed 7296K, reserved 1048576K
}
Event: 64442.463 GC heap after
{Heap after GC invocations=48 (full 0):
 garbage-first heap   total reserved 4134912K, committed 94208K, used 37606K [0x0000000703a00000, 0x0000000800000000)
  region size 2048K, 1 young (2048K), 1 survivors (2048K)
 Metaspace       used 67312K, committed 67968K, reserved 1114112K
  class space    used 6989K, committed 7296K, reserved 1048576K
}
Event: 68095.656 GC heap before
{Heap before GC invocations=49 (full 0):
 garbage-first heap   total reserved 4134912K, committed 94208K, used 82662K [0x0000000703a00000, 0x0000000800000000)
  region size 2048K, 23 young (47104K), 1 survivors (2048K)
 Metaspace       used 67346K, committed 68032K, reserved 1114112K
  class space    used 6989K, committed 7296K, reserved 1048576K
}
Event: 68095.661 GC heap after
{Heap after GC invocations=50 (full 0):
 garbage-first heap   total reserved 4134912K, committed 94208K, used 37671K [0x0000000703a00000, 0x0000000800000000)
  region size 2048K, 1 young (2048K), 1 survivors (2048K)
 Metaspace       used 67346K, committed 68032K, reserved 1114112K
  class space    used 6989K, committed 7296K, reserved 1048576K
}
Event: 70677.288 GC heap before
{Heap before GC invocations=50 (full 0):
 garbage-first heap   total reserved 4134912K, committed 94208K, used 80679K [0x0000000703a00000, 0x0000000800000000)
  region size 2048K, 23 young (47104K), 1 survivors (2048K)
 Metaspace       used 67347K, committed 68032K, reserved 1114112K
  class space    used 6989K, committed 7296K, reserved 1048576K
}
Event: 70677.297 GC heap after
{Heap after GC invocations=51 (full 0):
 garbage-first heap   total reserved 4134912K, committed 94208K, used 37363K [0x0000000703a00000, 0x0000000800000000)
  region size 2048K, 1 young (2048K), 1 survivors (2048K)
 Metaspace       used 67347K, committed 68032K, reserved 1114112K
  class space    used 6989K, committed 7296K, reserved 1048576K
}
Event: 73245.015 GC heap before
{Heap before GC invocations=51 (full 0):
 garbage-first heap   total reserved 4134912K, committed 94208K, used 82419K [0x0000000703a00000, 0x0000000800000000)
  region size 2048K, 23 young (47104K), 1 survivors (2048K)
 Metaspace       used 67347K, committed 68032K, reserved 1114112K
  class space    used 6989K, committed 7296K, reserved 1048576K
}
Event: 73245.019 GC heap after
{Heap after GC invocations=52 (full 0):
 garbage-first heap   total reserved 4134912K, committed 94208K, used 37539K [0x0000000703a00000, 0x0000000800000000)
  region size 2048K, 1 young (2048K), 1 survivors (2048K)
 Metaspace       used 67347K, committed 68032K, reserved 1114112K
  class space    used 6989K, committed 7296K, reserved 1048576K
}
Event: 75811.790 GC heap before
{Heap before GC invocations=53 (full 0):
 garbage-first heap   total reserved 4134912K, committed 94208K, used 82595K [0x0000000703a00000, 0x0000000800000000)
  region size 2048K, 23 young (47104K), 1 survivors (2048K)
 Metaspace       used 67349K, committed 68032K, reserved 1114112K
  class space    used 6989K, committed 7296K, reserved 1048576K
}
Event: 75811.793 GC heap after
{Heap after GC invocations=54 (full 0):
 garbage-first heap   total reserved 4134912K, committed 94208K, used 37595K [0x0000000703a00000, 0x0000000800000000)
  region size 2048K, 1 young (2048K), 1 survivors (2048K)
 Metaspace       used 67349K, committed 68032K, reserved 1114112K
  class space    used 6989K, committed 7296K, reserved 1048576K
}
Event: 78379.540 GC heap before
{Heap before GC invocations=54 (full 0):
 garbage-first heap   total reserved 4134912K, committed 94208K, used 82651K [0x0000000703a00000, 0x0000000800000000)
  region size 2048K, 23 young (47104K), 1 survivors (2048K)
 Metaspace       used 67349K, committed 68032K, reserved 1114112K
  class space    used 6989K, committed 7296K, reserved 1048576K
}
Event: 78379.555 GC heap after
{Heap after GC invocations=55 (full 0):
 garbage-first heap   total reserved 4134912K, committed 94208K, used 37351K [0x0000000703a00000, 0x0000000800000000)
  region size 2048K, 1 young (2048K), 1 survivors (2048K)
 Metaspace       used 67349K, committed 68032K, reserved 1114112K
  class space    used 6989K, committed 7296K, reserved 1048576K
}
Event: 80900.676 GC heap before
{Heap before GC invocations=55 (full 0):
 garbage-first heap   total reserved 4134912K, committed 94208K, used 82407K [0x0000000703a00000, 0x0000000800000000)
  region size 2048K, 23 young (47104K), 1 survivors (2048K)
 Metaspace       used 67350K, committed 68032K, reserved 1114112K
  class space    used 6989K, committed 7296K, reserved 1048576K
}
Event: 80900.686 GC heap after
{Heap after GC invocations=56 (full 0):
 garbage-first heap   total reserved 4134912K, committed 94208K, used 37484K [0x0000000703a00000, 0x0000000800000000)
  region size 2048K, 1 young (2048K), 1 survivors (2048K)
 Metaspace       used 67350K, committed 68032K, reserved 1114112K
  class space    used 6989K, committed 7296K, reserved 1048576K
}

